<?xml version="1.0" encoding="UTF-8"?>
<!-- Generated by org.testng.reporters.JUnitReportReporter -->
<testsuite hostname="HP" failures="0" tests="1" name="test.NewTest" time="7.020" errors="0" timestamp="2023-07-01T13:56:58 IST" skipped="0">
  <testcase classname="test.NewTest" name="f" time="7.020"/>
</testsuite> <!-- test.NewTest -->
