<?xml version="1.0" encoding="UTF-8"?>
<!-- Generated by org.testng.reporters.JUnitReportReporter -->
<testsuite hostname="HP" failures="0" tests="1" name="test.PB_TC1234_validatePolicyUserName" time="9.907" errors="0" timestamp="2023-07-01T14:39:16 IST" skipped="0">
  <testcase classname="test.PB_TC1234_validatePolicyUserName" name="validateUserName" time="9.907">
    <system-out>
      <![CDATA[TC Execution Started for  validateUserName
Getin Actual user name
Reading data UN From Propety File
Tc validateUserName Passed successfully]]>
    </system-out>
  </testcase> <!-- validateUserName -->
  <system-out>
    <![CDATA[Reading data url From Propety File
Lunching Browser Application Useing Property File...
Click on Login Page
click myacc
Waiting for complete load page, wait time1000
clicking on home page singInButton
Waiting for complete load page, wait time1000
Reading data mobNum From Propety File
Entering mobile number
Waiting for complete load page, wait time1000
Entering sign in with password...
Waiting for complete load page, wait time1000
Reading data pwd From Propety File
Entering pasword...
Waiting for complete load page, wait time1000
clicking on singin button
Waiting for complete load page, wait time1000
clicking on myaccount button
Waiting for complete load page, wait time1000
clicking on myprofile button
Waiting for complete load page, wait time1000
swiching to child page
Waiting for complete load page, wait time1000
TC Execution Started for  validateUserName
Getin Actual user name
Reading data UN From Propety File
Tc validateUserName Passed successfully
clicking on logout button
Log out from Policy Bazaar Application
Waiting for complete load page, wait time1000
Close Policy Bazaar Application
Close Browser ]]>
  </system-out>
</testsuite> <!-- test.PB_TC1234_validatePolicyUserName -->
